Using pre-set license
Built from '2021.3/staging' branch; Version is '2021.3.6f1 (7da38d85baf6) revision 8233869'; Using compiler version '192829333'; Build Type 'Release'
OS: 'Windows 11  (10.0.22000) 64bit Core' Language: 'en' Physical Memory: 15739 MB
BatchMode: 1, IsHumanControllingUs: 0, StartBugReporterOnCrash: 0, Is64bit: 1, IsPro: 1

COMMAND LINE ARGUMENTS:
C:\Program Files\Unity\Hub\Editor\2021.3.6f1\Editor\Unity.exe
-adb2
-batchMode
-noUpm
-name
AssetImportWorker0
-projectPath
C:/Users/YourF/Desktop/School/Gr 10/Science 10/Science 10 Generation Simulation
-logFile
Logs/AssetImportWorker0.log
-srvPort
59513
Successfully changed project path to: C:/Users/YourF/Desktop/School/Gr 10/Science 10/Science 10 Generation Simulation
C:/Users/YourF/Desktop/School/Gr 10/Science 10/Science 10 Generation Simulation
[UnityMemory] Configuration Parameters - Can be set up in boot.config
    "memorysetup-bucket-allocator-granularity=16"
    "memorysetup-bucket-allocator-bucket-count=8"
    "memorysetup-bucket-allocator-block-size=33554432"
    "memorysetup-bucket-allocator-block-count=8"
    "memorysetup-main-allocator-block-size=16777216"
    "memorysetup-thread-allocator-block-size=16777216"
    "memorysetup-gfx-main-allocator-block-size=16777216"
    "memorysetup-gfx-thread-allocator-block-size=16777216"
    "memorysetup-cache-allocator-block-size=4194304"
    "memorysetup-typetree-allocator-block-size=2097152"
    "memorysetup-profiler-bucket-allocator-granularity=16"
    "memorysetup-profiler-bucket-allocator-bucket-count=8"
    "memorysetup-profiler-bucket-allocator-block-size=33554432"
    "memorysetup-profiler-bucket-allocator-block-count=8"
    "memorysetup-profiler-allocator-block-size=16777216"
    "memorysetup-profiler-editor-allocator-block-size=1048576"
    "memorysetup-temp-allocator-size-main=16777216"
    "memorysetup-job-temp-allocator-block-size=2097152"
    "memorysetup-job-temp-allocator-block-size-background=1048576"
    "memorysetup-job-temp-allocator-reduction-small-platforms=262144"
    "memorysetup-temp-allocator-size-background-worker=32768"
    "memorysetup-temp-allocator-size-job-worker=262144"
    "memorysetup-temp-allocator-size-preload-manager=33554432"
    "memorysetup-temp-allocator-size-nav-mesh-worker=65536"
    "memorysetup-temp-allocator-size-audio-worker=65536"
    "memorysetup-temp-allocator-size-cloud-worker=32768"
    "memorysetup-temp-allocator-size-gi-baking-worker=262144"
    "memorysetup-temp-allocator-size-gfx=262144"
Refreshing native plugins compatible for Editor in 87.56 ms, found 2 plugins.
Preloading 0 native plugins for Editor in 0.00 ms.
Initialize engine version: 2021.3.6f1 (7da38d85baf6)
[Subsystems] Discovering subsystems at path C:/Program Files/Unity/Hub/Editor/2021.3.6f1/Editor/Data/Resources/UnitySubsystems
[Subsystems] Discovering subsystems at path C:/Users/YourF/Desktop/School/Gr 10/Science 10/Science 10 Generation Simulation/Assets
GfxDevice: creating device client; threaded=0; jobified=0
Direct3D:
    Version:  Direct3D 11.0 [level 11.1]
    Renderer: AMD Radeon(TM) Graphics (ID=0x1636)
    Vendor:   ATI
    VRAM:     7869 MB
    Driver:   27.20.11044.4003
Initialize mono
Mono path[0] = 'C:/Program Files/Unity/Hub/Editor/2021.3.6f1/Editor/Data/Managed'
Mono path[1] = 'C:/Program Files/Unity/Hub/Editor/2021.3.6f1/Editor/Data/MonoBleedingEdge/lib/mono/unityjit-win32'
Mono config path = 'C:/Program Files/Unity/Hub/Editor/2021.3.6f1/Editor/Data/MonoBleedingEdge/etc'
Using monoOptions --debugger-agent=transport=dt_socket,embedding=1,server=y,suspend=n,address=127.0.0.1:56404
Begin MonoManager ReloadAssembly
Registering precompiled unity dll's ...
Register platform support module: C:/Program Files/Unity/Hub/Editor/2021.3.6f1/Editor/Data/PlaybackEngines/WindowsStandaloneSupport/UnityEditor.WindowsStandalone.Extensions.dll
Registered in 0.012761 seconds.
Native extension for WindowsStandalone target not found
Refreshing native plugins compatible for Editor in 85.86 ms, found 2 plugins.
Preloading 0 native plugins for Editor in 0.00 ms.
Mono: successfully reloaded assembly
- Completed reload, in  1.679 seconds
Domain Reload Profiling:
	ReloadAssembly (1680ms)
		BeginReloadAssembly (186ms)
			ExecutionOrderSort (0ms)
			DisableScriptedObjects (0ms)
			BackupInstance (0ms)
			ReleaseScriptingObjects (0ms)
			CreateAndSetChildDomain (3ms)
		EndReloadAssembly (1172ms)
			LoadAssemblies (180ms)
			RebuildTransferFunctionScriptingTraits (0ms)
			SetupTypeCache (292ms)
			ReleaseScriptCaches (0ms)
			RebuildScriptCaches (75ms)
			SetupLoadedEditorAssemblies (668ms)
				LogAssemblyErrors (0ms)
				InitializePlatformSupportModulesInManaged (20ms)
				SetLoadedEditorAssemblies (1ms)
				RefreshPlugins (86ms)
				BeforeProcessingInitializeOnLoad (3ms)
				ProcessInitializeOnLoadAttributes (417ms)
				ProcessInitializeOnLoadMethodAttributes (141ms)
				AfterProcessingInitializeOnLoad (0ms)
				EditorAssembliesLoaded (0ms)
			ExecutionOrderSort2 (0ms)
			AwakeInstancesAfterBackupRestoration (0ms)
Platform modules already initialized, skipping
Registering precompiled user dll's ...
Registered in 0.008270 seconds.
Begin MonoManager ReloadAssembly
Native extension for WindowsStandalone target not found
Refreshing native plugins compatible for Editor in 0.88 ms, found 2 plugins.
Preloading 0 native plugins for Editor in 0.00 ms.
Mono: successfully reloaded assembly
- Completed reload, in  2.273 seconds
Domain Reload Profiling:
	ReloadAssembly (2275ms)
		BeginReloadAssembly (272ms)
			ExecutionOrderSort (0ms)
			DisableScriptedObjects (17ms)
			BackupInstance (0ms)
			ReleaseScriptingObjects (0ms)
			CreateAndSetChildDomain (42ms)
		EndReloadAssembly (1683ms)
			LoadAssemblies (163ms)
			RebuildTransferFunctionScriptingTraits (0ms)
			SetupTypeCache (465ms)
			ReleaseScriptCaches (1ms)
			RebuildScriptCaches (112ms)
			SetupLoadedEditorAssemblies (833ms)
				LogAssemblyErrors (0ms)
				InitializePlatformSupportModulesInManaged (14ms)
				SetLoadedEditorAssemblies (1ms)
				RefreshPlugins (1ms)
				BeforeProcessingInitializeOnLoad (144ms)
				ProcessInitializeOnLoadAttributes (585ms)
				ProcessInitializeOnLoadMethodAttributes (72ms)
				AfterProcessingInitializeOnLoad (15ms)
				EditorAssembliesLoaded (0ms)
			ExecutionOrderSort2 (0ms)
			AwakeInstancesAfterBackupRestoration (16ms)
Platform modules already initialized, skipping
========================================================================
Worker process is ready to serve import requests
Launched and connected shader compiler UnityShaderCompiler.exe after 0.09 seconds
Refreshing native plugins compatible for Editor in 0.77 ms, found 2 plugins.
Preloading 0 native plugins for Editor in 0.00 ms.
Unloading 1703 Unused Serialized files (Serialized files now loaded: 0)
Unloading 19 unused Assets / (47.4 KB). Loaded Objects now: 2173.
Memory consumption went from 75.3 MB to 75.2 MB.
Total: 6.919800 ms (FindLiveObjects: 0.319600 ms CreateObjectMapping: 0.107300 ms MarkObjects: 6.282500 ms  DeleteObjects: 0.207800 ms)

AssetImportParameters requested are different than current active one (requested -> active):
  custom:video-decoder-ogg-theora: a1e56fd34408186e4bbccfd4996cb3dc -> 
  custom:container-muxer-webm: aa71ff27fc2769a1b78a27578f13a17b -> 
  custom:container-demuxer-webm: 4f35f7cbe854078d1ac9338744f61a02 -> 
  custom:video-encoder-webm-vp8: eb34c28f22e8b96e1ab97ce403110664 -> 
  custom:video-codec-MediaFoundation-h265: 746d11721c4dcdbdad8f713fa42b33f4 -> 
  custom:audio-encoder-webm-vorbis: bf7c407c2cedff20999df2af8eb42d56 -> 
  custom:framework-win-MediaFoundation: 216162199b28c13a410421893ffa2e32 -> 
  custom:container-demuxer-ogg: 62fdf1f143b41e24485cea50d1cbac27 -> 
  custom:video-decoder-webm-vp8: 9c59270c3fd7afecdb556c50c9e8de78 -> 
  custom:audio-decoder-ogg-vorbis: bf7c407c2cedff20999df2af8eb42d56 -> 
========================================================================
Received Import Request.
  Time since last request: 6795830.357108 seconds.
  path: Assets/Scripts/WallData.cs
  artifactKey: Guid(e3b667e1877487e46b7a21e7e249f7ca) Importer(815301076,1909f56bfc062723c751e8b465ee728b)
Start importing Assets/Scripts/WallData.cs using Guid(e3b667e1877487e46b7a21e7e249f7ca) Importer(815301076,1909f56bfc062723c751e8b465ee728b)  -> (artifact id: 'e67c048e00f5dec3725541649e991a0b') in 0.050197 seconds 
========================================================================
Received Import Request.
  Time since last request: 2.733003 seconds.
  path: Assets/Scripts/FoodGenerator.cs
  artifactKey: Guid(e47032c39002a1048b6233ce2e33a0fd) Importer(815301076,1909f56bfc062723c751e8b465ee728b)
Start importing Assets/Scripts/FoodGenerator.cs using Guid(e47032c39002a1048b6233ce2e33a0fd) Importer(815301076,1909f56bfc062723c751e8b465ee728b)  -> (artifact id: 'dfe2197980806a54c335b9fa331b64ab') in 0.019842 seconds 
========================================================================
Received Import Request.
  Time since last request: 8.292656 seconds.
  path: Assets/Scripts/GraphDataBase.cs
  artifactKey: Guid(240be22b1323e6f44b16495f1573e91d) Importer(815301076,1909f56bfc062723c751e8b465ee728b)
Start importing Assets/Scripts/GraphDataBase.cs using Guid(240be22b1323e6f44b16495f1573e91d) Importer(815301076,1909f56bfc062723c751e8b465ee728b)  -> (artifact id: '75a05df59c99ad1ca691f69c0f88c5e9') in 0.021656 seconds 
========================================================================
Received Import Request.
  Time since last request: 6.357136 seconds.
  path: Assets/Scripts/MapGenerator.cs
  artifactKey: Guid(914f627343f4ba042bc60002f5b19b09) Importer(815301076,1909f56bfc062723c751e8b465ee728b)
Start importing Assets/Scripts/MapGenerator.cs using Guid(914f627343f4ba042bc60002f5b19b09) Importer(815301076,1909f56bfc062723c751e8b465ee728b)  -> (artifact id: '0f681e4e8e2e051bb321bea9658b796c') in 0.060187 seconds 
========================================================================
Received Import Request.
  Time since last request: 3.868583 seconds.
  path: Assets/Scripts/NightAndDay.cs
  artifactKey: Guid(423526d74f29d4a4ebf73387a2636b6c) Importer(815301076,1909f56bfc062723c751e8b465ee728b)
Start importing Assets/Scripts/NightAndDay.cs using Guid(423526d74f29d4a4ebf73387a2636b6c) Importer(815301076,1909f56bfc062723c751e8b465ee728b)  -> (artifact id: '9c80c1b9ab2c79466a1c4c914b4f3b4c') in 0.030119 seconds 
========================================================================
Received Import Request.
  Time since last request: 2.856161 seconds.
  path: Assets/Scripts/Pathfinding.cs
  artifactKey: Guid(e7a7284de57e1b647b0429625cd3c89e) Importer(815301076,1909f56bfc062723c751e8b465ee728b)
Start importing Assets/Scripts/Pathfinding.cs using Guid(e7a7284de57e1b647b0429625cd3c89e) Importer(815301076,1909f56bfc062723c751e8b465ee728b)  -> (artifact id: 'e5f90e0131939b61e860e513f337ffcd') in 0.019583 seconds 
========================================================================
Received Import Request.
  Time since last request: 2856622.142478 seconds.
  path: Assets/Scripts/CameraDefault.cs
  artifactKey: Guid(006348486be2ae1448695e291c58bdce) Importer(815301076,1909f56bfc062723c751e8b465ee728b)
Start importing Assets/Scripts/CameraDefault.cs using Guid(006348486be2ae1448695e291c58bdce) Importer(815301076,1909f56bfc062723c751e8b465ee728b)  -> (artifact id: 'dac55bed5a74792676eca823f5e0d75d') in 0.006558 seconds 
========================================================================
Received Import Request.
  Time since last request: 1.366044 seconds.
  path: Assets/Scripts/Coord.cs
  artifactKey: Guid(6b2bd6b74c2ac0640853158aa49a1df3) Importer(815301076,1909f56bfc062723c751e8b465ee728b)
Start importing Assets/Scripts/Coord.cs using Guid(6b2bd6b74c2ac0640853158aa49a1df3) Importer(815301076,1909f56bfc062723c751e8b465ee728b)  -> (artifact id: 'dd13de5edcd33cdf87819c222eb564d1') in 0.010203 seconds 
========================================================================
Received Import Request.
  Time since last request: 3.655928 seconds.
  path: Assets/Scripts/creatureCollider.cs
  artifactKey: Guid(a71b3b0d74fa9ed4380a420fdc905a4d) Importer(815301076,1909f56bfc062723c751e8b465ee728b)
Start importing Assets/Scripts/creatureCollider.cs using Guid(a71b3b0d74fa9ed4380a420fdc905a4d) Importer(815301076,1909f56bfc062723c751e8b465ee728b)  -> (artifact id: '382a38b94d49f2d9f5045eaba80c3eb1') in 0.008249 seconds 
========================================================================
Received Import Request.
  Time since last request: 0.449674 seconds.
  path: Assets/Scripts/Data.cs
  artifactKey: Guid(84e1673ffb31c2e4a81ffbd9c642e5b8) Importer(815301076,1909f56bfc062723c751e8b465ee728b)
Start importing Assets/Scripts/Data.cs using Guid(84e1673ffb31c2e4a81ffbd9c642e5b8) Importer(815301076,1909f56bfc062723c751e8b465ee728b)  -> (artifact id: '0501c6d7033645b6ae92900b9ddc74d9') in 0.008863 seconds 
